[2025-08-02 17:53:51,961]  [INFO] ["Line_no" :25] [register()] [Successfully registered with username: user@gmail.com]
[2025-08-02 17:53:51,962]  [INFO] ["Line_no" :27] [wrapper()] [register executed in 1155.78 ms]
[2025-08-02 17:54:28,274]  [WARNING] ["Line_no" :29] [register()] [Registration failed for user@gmail.com: Weak password or reuse]
[2025-08-02 17:54:28,274]  [WARNING] ["Line_no" :31] [wrapper()] [Handled HTTPException in register: 422 - Weak password or reuse]
[2025-08-02 17:54:56,565]  [INFO] ["Line_no" :25] [register()] [Successfully registered with username: user@bgmail.com]
[2025-08-02 17:54:56,565]  [INFO] ["Line_no" :27] [wrapper()] [register executed in 672.68 ms]
[2025-08-02 17:55:11,008]  [WARNING] ["Line_no" :46] [login()] [Login failed for user@gmail.com: Invalid username. Please try again.]
[2025-08-02 17:55:11,008]  [WARNING] ["Line_no" :31] [wrapper()] [Handled HTTPException in login: 401 - Invalid username. Please try again.]
[2025-08-02 17:55:19,686]  [WARNING] ["Line_no" :46] [login()] [Login failed for user@gmail.com: Invalid username. Please try again.]
[2025-08-02 17:55:19,686]  [WARNING] ["Line_no" :31] [wrapper()] [Handled HTTPException in login: 401 - Invalid username. Please try again.]
[2025-08-02 17:55:50,733]  [INFO] ["Line_no" :42] [login()] [Successfully logged in with username: user@bgmail.com]
[2025-08-02 17:55:50,733]  [INFO] ["Line_no" :27] [wrapper()] [login executed in 692.93 ms]
[2025-08-02 17:57:01,559]  [WARNING] ["Line_no" :64] [change_password()] [weak password. please try again: Weak password or reuse]
[2025-08-02 17:57:01,559]  [WARNING] ["Line_no" :31] [wrapper()] [Handled HTTPException in change_password: 422 - Weak password or reuse]
[2025-08-02 17:57:22,404]  [WARNING] ["Line_no" :64] [change_password()] [weak password. please try again: Weak password or reuse]
[2025-08-02 17:57:22,405]  [WARNING] ["Line_no" :31] [wrapper()] [Handled HTTPException in change_password: 422 - Weak password or reuse]
[2025-08-02 17:57:30,918]  [INFO] ["Line_no" :60] [change_password()] [Successfully changed Password]
[2025-08-02 17:57:30,918]  [INFO] ["Line_no" :27] [wrapper()] [change_password executed in 1818.55 ms]
[2025-08-02 17:58:23,312]  [WARNING] ["Line_no" :90] [forgot_password()] [Handled HTTPException for user@gail.com: User not found]
[2025-08-02 17:58:23,312]  [WARNING] ["Line_no" :31] [wrapper()] [Handled HTTPException in forgot_password: 404 - User not found]
[2025-08-02 17:58:33,147]  [WARNING] ["Line_no" :90] [forgot_password()] [Handled HTTPException for user@gmail.com: User not found]
[2025-08-02 17:58:33,148]  [WARNING] ["Line_no" :31] [wrapper()] [Handled HTTPException in forgot_password: 404 - User not found]
[2025-08-02 17:58:40,817]  [INFO] ["Line_no" :82] [forgot_password()] [Reset token successfully generated for user@bgmail.com]
[2025-08-02 17:58:40,818]  [INFO] ["Line_no" :27] [wrapper()] [forgot_password executed in 404.17 ms]
[2025-08-02 17:59:19,278]  [ERROR] ["Line_no" :110] [reset_password()] [Failed to reset password for user user@gmail.com : 400: Reset token expired or invalid]
[2025-08-02 17:59:37,323]  [WARNING] ["Line_no" :106] [reset_password()] [weak password. please try again: Weak password or reuse]
[2025-08-02 17:59:47,939]  [ERROR] ["Line_no" :110] [reset_password()] [Failed to reset password for user user@bgmail.com : 400: Reset token expired or invalid]
[2025-08-02 17:59:56,244]  [INFO] ["Line_no" :102] [reset_password()] [Successfully reset password for username user@bgmail.com]
[2025-08-02 18:05:23,560]  [INFO] ["Line_no" :25] [register()] [Successfully registered with username: sai@gmail.com]
[2025-08-02 18:05:23,561]  [INFO] ["Line_no" :27] [wrapper()] [register executed in 1284.05 ms]
[2025-08-02 18:05:55,070]  [WARNING] ["Line_no" :46] [login()] [Login failed for sai@gmail.com: Invalid password. Please try again.]
[2025-08-02 18:05:55,070]  [WARNING] ["Line_no" :31] [wrapper()] [Handled HTTPException in login: 401 - Invalid password. Please try again.]
[2025-08-02 18:06:07,509]  [INFO] ["Line_no" :42] [login()] [Successfully logged in with username: sai@gmail.com]
[2025-08-02 18:06:07,510]  [INFO] ["Line_no" :27] [wrapper()] [login executed in 657.56 ms]
[2025-08-02 18:07:49,940]  [WARNING] ["Line_no" :64] [change_password()] [weak password. please try again: Weak password or reuse]
[2025-08-02 18:07:49,941]  [WARNING] ["Line_no" :31] [wrapper()] [Handled HTTPException in change_password: 422 - Weak password or reuse]
[2025-08-02 18:08:09,764]  [INFO] ["Line_no" :60] [change_password()] [Successfully changed Password]
[2025-08-02 18:08:09,764]  [INFO] ["Line_no" :27] [wrapper()] [change_password executed in 1935.77 ms]
[2025-08-02 18:08:23,558]  [INFO] ["Line_no" :82] [forgot_password()] [Reset token successfully generated for sai@gmail.com]
[2025-08-02 18:08:23,558]  [INFO] ["Line_no" :27] [wrapper()] [forgot_password executed in 553.51 ms]
[2025-08-02 18:09:15,813]  [INFO] ["Line_no" :103] [reset_password()] [Successfully reset password for username sai@gmail.com]
[2025-08-02 18:09:15,813]  [INFO] ["Line_no" :27] [wrapper()] [reset_password executed in 956.28 ms]
